<?xml version="1.0" encoding="UTF-8"?>
<!-- Generated by org.testng.reporters.JUnitXMLReporter -->
<testsuite ignored="0" hostname="IGNP-LPWDEV009" failures="1" tests="1" name="ItemEdit_Sanity" time="53.456" errors="0" timestamp="2024-04-30T20:28:52 IST">
  <testcase classname="com.Sanity.tests.EditItemTest" name="EditItem" time="53.454">
    <failure type="java.lang.AssertionError" message="null">
      <![CDATA[java.lang.AssertionError: null
at com.Sanity.tests.EditItemTest.EditItem(EditItemTest.java:205)
at java.base/java.util.ArrayList.forEach(ArrayList.java:1511)
... Removed 29 stack frames]]>
    </failure>
  </testcase> <!-- EditItem -->
</testsuite> <!-- ItemEdit_Sanity -->
