<?xml version="1.0" encoding="UTF-8"?>
<!-- Generated by org.testng.reporters.JUnitXMLReporter -->
<testsuite hostname="Lap-748" name="LoginTest_FailCase" tests="1" failures="1" timestamp="19 Nov 2021 11:55:24 GMT" time="7.307" errors="0">
  <testcase name="userLogin" time="7.303" classname="com.FailDemo.tests.LoginTest">
    <failure type="java.lang.AssertionError" message="null">
      <![CDATA[java.lang.AssertionError: null
	at com.FailDemo.tests.LoginTest.userLogin(LoginTest.java:115)
... Removed 26 stack frames]]>
    </failure>
  </testcase> <!-- userLogin -->
</testsuite> <!-- LoginTest_FailCase -->
